<?xml version="1.0" encoding="UTF-8"?>
<!-- Generated by org.testng.reporters.JUnitReportReporter -->
<testsuite skipped="0" hostname="IN-L-7008108" name="com.abb.dias.api.automation.test.kshtest.KshApiServicesExecutionTest" tests="1" failures="0" timestamp="02 Feb 2021 10:00:44 GMT" time="72.612" errors="0">
  <testcase name="runtest" time="72.612" classname="com.abb.dias.api.automation.test.kshtest.KshApiServicesExecutionTest"/>
</testsuite> <!-- com.abb.dias.api.automation.test.kshtest.KshApiServicesExecutionTest -->
