<?xml version="1.0" encoding="UTF-8"?>
<!-- Generated by org.testng.reporters.JUnitReportReporter -->
<testsuite hostname="IN-L-BTGIS15319" name="com.abb.dias.api.automation.page.kshpages.KshDemo" tests="1" failures="0" timestamp="3 Jun 2020 05:29:22 GMT" time="75.551" errors="0">
  <testcase name="executeKshApisServiceS" time="75.551" classname="com.abb.dias.api.automation.page.kshpages.KshDemo"/>
</testsuite> <!-- com.abb.dias.api.automation.page.kshpages.KshDemo -->
