<?xml version="1.0" encoding="UTF-8"?>
<!-- Generated by org.testng.reporters.JUnitReportReporter -->
<testsuite skipped="0" hostname="IN-L-7008108" name="com.abb.dias.api.automation.test.kshtest.SuiteApiServiceExecutionTest" tests="2" failures="0" timestamp="29 Oct 2020 04:13:25 GMT" time="64.437" errors="0">
  <testcase name="runtest" time="8.550" classname="com.abb.dias.api.automation.test.kshtest.SuiteApiServiceExecutionTest"/>
  <testcase name="runtest" time="55.887" classname="com.abb.dias.api.automation.test.kshtest.SuiteApiServiceExecutionTest"/>
</testsuite> <!-- com.abb.dias.api.automation.test.kshtest.SuiteApiServiceExecutionTest -->
