<?xml version="1.0" encoding="UTF-8"?>
<!-- Generated by org.testng.reporters.JUnitReportReporter -->
<testsuite hostname="IN-L-BTGIS15319" name="com.abb.dias.api.automation.test.kshtest.LoggerTet" tests="1" failures="0" timestamp="29 May 2020 11:35:50 GMT" time="0.179" errors="0">
  <testcase name="h" time="0.179" classname="com.abb.dias.api.automation.test.kshtest.LoggerTet"/>
</testsuite> <!-- com.abb.dias.api.automation.test.kshtest.LoggerTet -->
