<?xml version="1.0" encoding="UTF-8"?>
<!-- Generated by org.testng.reporters.JUnitReportReporter -->
<testsuite hostname="IN-L-BTGIS15319" name="com.abb.dias.api.automation.test.kshtest.KshServiceTest" tests="1" failures="0" timestamp="10 Jun 2020 09:45:28 GMT" time="24.530" errors="0">
  <testcase name="runtest" time="24.530" classname="com.abb.dias.api.automation.test.kshtest.KshServiceTest"/>
</testsuite> <!-- com.abb.dias.api.automation.test.kshtest.KshServiceTest -->
