<?xml version="1.0" encoding="UTF-8"?>
<!-- Generated by org.testng.reporters.JUnitReportReporter -->
<testsuite hostname="IN-L-BTGIS15319" name="com.abb.dias.api.automation.test.kshtest.KshDemoTest" tests="1" failures="0" timestamp="9 Jun 2020 12:28:53 GMT" time="84.325" errors="0">
  <testcase name="runtest" time="84.325" classname="com.abb.dias.api.automation.test.kshtest.KshDemoTest"/>
</testsuite> <!-- com.abb.dias.api.automation.test.kshtest.KshDemoTest -->
